Arguments: 
  /usr/local/Cellar/node/20.5.1/bin/node /usr/local/Cellar/yarn/1.22.19/libexec/bin/yarn.js add whatsapp-web.js

PATH: 
  /Applications/Docker.app/Contents/Resources/bin:/usr/local/opt/php@8.0/sbin:/usr/local/opt/php@8.0/bin:/usr/local/opt/php@8.1/sbin:/usr/local/opt/php@8.1/bin:/usr/local/opt/php@8.0/sbin:/usr/local/opt/php@8.0/bin:/usr/local/opt/php@8.1/sbin:/usr/local/opt/php@8.1/bin:/usr/local/bin:/Users/lp3i/.bun/bin:/opt/flutter/bin:/usr/local/opt/php@8.0/sbin:/usr/local/opt/php@8.0/bin:/Library/Java/JavaVirtualMachines/zulu-17.jdk/Contents/Home/bin:/usr/local/bin:/usr/local/sbin:/usr/local/bin:/usr/bin:/bin:/usr/sbin:/sbin:/Library/Apple/usr/bin:/Applications/Docker.app/Contents/Resources/bin:/usr/local/opt/php@8.0/sbin:/usr/local/opt/php@8.0/bin:/usr/local/opt/php@8.1/sbin:/usr/local/opt/php@8.1/bin:/Users/lp3i/.bun/bin:/opt/flutter/bin:/Library/Java/JavaVirtualMachines/zulu-17.jdk/Contents/Home/bin:/usr/local/sbin:/Applications/Visual Studio Code.app/Contents/Resources/app/bin:/Users/lp3i/Library/Android/sdk/emulator:/Users/lp3i/Library/Android/sdk/tools:/Users/lp3i/Library/Android/sdk/platform-tools:/Users/lp3i/Library/Android/sdk/cmdline-tools/latest/bin:/Applications/Visual Studio Code.app/Contents/Resources/app/bin:/Users/lp3i/Library/Android/sdk/emulator:/Users/lp3i/Library/Android/sdk/tools:/Users/lp3i/Library/Android/sdk/platform-tools:/Users/lp3i/Library/Android/sdk/cmdline-tools/latest/bin

Yarn version: 
  1.22.19

Node version: 
  20.5.1

Platform: 
  darwin x64

Trace: 
  Error: EACCES: permission denied, mkdir '/Users/lp3i/whatsapp-bot/node_modules/define-data-property'

npm manifest: 
  {
    "name": "whatsapp-bot",
    "version": "1.0.0",
    "description": "",
    "main": "server.js",
    "scripts": {
      "start": "node server.js",
      "test": "echo \"Error: no test specified\" && exit 1"
    },
    "keywords": [],
    "author": "",
    "license": "ISC",
    "dependencies": {
      "cors": "^2.8.5",
      "express": "^4.18.2",
      "https": "^1.0.0",
      "mysql2": "^3.5.0",
      "qrcode-terminal": "^0.12.0",
      "sequelize": "^6.32.1"
    }
  }

yarn manifest: 
  No manifest

Lockfile: 
  No lockfile
